# JRE version: OpenJDK Runtime Environment (8.0_152-b01) (build 1.8.0_152-release-1248-b01)
# Java VM: OpenJDK 64-Bit Server VM (25.152-b01 mixed mode windows-amd64 compressed oops)
Heap:
 PSYoungGen      total 127488K, used 35253K [0x00000000e0000000, 0x00000000e9880000, 0x0000000100000000)
  eden space 102912K, 25% used [0x00000000e0000000,0x00000000e1986188,0x00000000e6480000)
  from space 24576K, 37% used [0x00000000e8080000,0x00000000e8967330,0x00000000e9880000)
  to   space 26624K, 0% used [0x00000000e6480000,0x00000000e6480000,0x00000000e7e80000)
 ParOldGen       total 116224K, used 64147K [0x00000000a0000000, 0x00000000a7180000, 0x00000000e0000000)
  object space 116224K, 55% used [0x00000000a0000000,0x00000000a3ea4da0,0x00000000a7180000)
 Metaspace       used 84450K, capacity 93890K, committed 94080K, reserved 1132544K
  class space    used 10986K, capacity 11599K, committed 11648K, reserved 1048576K
GC Heap History (10 events):
Event: 118.039 GC heap before
{Heap before GC invocations=15 (full 3):
 PSYoungGen      total 72192K, used 56832K [0x00000000e0000000, 0x00000000e7580000, 0x0000000100000000)
  eden space 56832K, 100% used [0x00000000e0000000,0x00000000e3780000,0x00000000e3780000)
  from space 15360K, 0% used [0x00000000e3780000,0x00000000e3780000,0x00000000e4680000)
  to   space 18432K, 0% used [0x00000000e6380000,0x00000000e6380000,0x00000000e7580000)
 ParOldGen       total 116224K, used 28206K [0x00000000a0000000, 0x00000000a7180000, 0x00000000e0000000)
  object space 116224K, 24% used [0x00000000a0000000,0x00000000a1b8b960,0x00000000a7180000)
 Metaspace       used 60865K, capacity 64742K, committed 64896K, reserved 1105920K
  class space    used 7630K, capacity 7983K, committed 8064K, reserved 1048576K
Event: 118.099 GC heap after
Heap after GC invocations=15 (full 3):
 PSYoungGen      total 89088K, used 18409K [0x00000000e0000000, 0x00000000e7580000, 0x0000000100000000)
  eden space 70656K, 0% used [0x00000000e0000000,0x00000000e0000000,0x00000000e4500000)
  from space 18432K, 99% used [0x00000000e6380000,0x00000000e757a700,0x00000000e7580000)
  to   space 20992K, 0% used [0x00000000e4c80000,0x00000000e4c80000,0x00000000e6100000)
 ParOldGen       total 116224K, used 30105K [0x00000000a0000000, 0x00000000a7180000, 0x00000000e0000000)
  object space 116224K, 25% used [0x00000000a0000000,0x00000000a1d667f8,0x00000000a7180000)
 Metaspace       used 60865K, capacity 64742K, committed 64896K, reserved 1105920K
  class space    used 7630K, capacity 7983K, committed 8064K, reserved 1048576K
}
Event: 123.703 GC heap before
{Heap before GC invocations=16 (full 3):
 PSYoungGen      total 89088K, used 89065K [0x00000000e0000000, 0x00000000e7580000, 0x0000000100000000)
  eden space 70656K, 100% used [0x00000000e0000000,0x00000000e4500000,0x00000000e4500000)
  from space 18432K, 99% used [0x00000000e6380000,0x00000000e757a700,0x00000000e7580000)
  to   space 20992K, 0% used [0x00000000e4c80000,0x00000000e4c80000,0x00000000e6100000)
 ParOldGen       total 116224K, used 30105K [0x00000000a0000000, 0x00000000a7180000, 0x00000000e0000000)
  object space 116224K, 25% used [0x00000000a0000000,0x00000000a1d667f8,0x00000000a7180000)
 Metaspace       used 67652K, capacity 73132K, committed 73344K, reserved 1114112K
  class space    used 8506K, capacity 8968K, committed 9088K, reserved 1048576K
Event: 123.796 GC heap after
Heap after GC invocations=16 (full 3):
 PSYoungGen      total 99328K, used 14754K [0x00000000e0000000, 0x00000000e7f80000, 0x0000000100000000)
  eden space 78336K, 0% used [0x00000000e0000000,0x00000000e0000000,0x00000000e4c80000)
  from space 20992K, 70% used [0x00000000e4c80000,0x00000000e5ae8af0,0x00000000e6100000)
  to   space 21504K, 0% used [0x00000000e6a80000,0x00000000e6a80000,0x00000000e7f80000)
 ParOldGen       total 116224K, used 45521K [0x00000000a0000000, 0x00000000a7180000, 0x00000000e0000000)
  object space 116224K, 39% used [0x00000000a0000000,0x00000000a2c744b8,0x00000000a7180000)
 Metaspace       used 67652K, capacity 73132K, committed 73344K, reserved 1114112K
  class space    used 8506K, capacity 8968K, committed 9088K, reserved 1048576K
}
Event: 128.325 GC heap before
{Heap before GC invocations=17 (full 3):
 PSYoungGen      total 99328K, used 93090K [0x00000000e0000000, 0x00000000e7f80000, 0x0000000100000000)
  eden space 78336K, 100% used [0x00000000e0000000,0x00000000e4c80000,0x00000000e4c80000)
  from space 20992K, 70% used [0x00000000e4c80000,0x00000000e5ae8af0,0x00000000e6100000)
  to   space 21504K, 0% used [0x00000000e6a80000,0x00000000e6a80000,0x00000000e7f80000)
 ParOldGen       total 116224K, used 45521K [0x00000000a0000000, 0x00000000a7180000, 0x00000000e0000000)
  object space 116224K, 39% used [0x00000000a0000000,0x00000000a2c744b8,0x00000000a7180000)
 Metaspace       used 75007K, capacity 83214K, committed 83328K, reserved 1122304K
  class space    used 9744K, capacity 10320K, committed 10368K, reserved 1048576K
Event: 128.344 GC heap after
Heap after GC invocations=17 (full 3):
 PSYoungGen      total 107520K, used 18786K [0x00000000e0000000, 0x00000000e8900000, 0x0000000100000000)
  eden space 86016K, 0% used [0x00000000e0000000,0x00000000e0000000,0x00000000e5400000)
  from space 21504K, 87% used [0x00000000e6a80000,0x00000000e7cd8bb0,0x00000000e7f80000)
  to   space 23040K, 0% used [0x00000000e5400000,0x00000000e5400000,0x00000000e6a80000)
 ParOldGen       total 116224K, used 45529K [0x00000000a0000000, 0x00000000a7180000, 0x00000000e0000000)
  object space 116224K, 39% used [0x00000000a0000000,0x00000000a2c764b8,0x00000000a7180000)
 Metaspace       used 75007K, capacity 83214K, committed 83328K, reserved 1122304K
  class space    used 9744K, capacity 10320K, committed 10368K, reserved 1048576K
}
Event: 130.218 GC heap before
{Heap before GC invocations=18 (full 3):
 PSYoungGen      total 107520K, used 104802K [0x00000000e0000000, 0x00000000e8900000, 0x0000000100000000)
  eden space 86016K, 100% used [0x00000000e0000000,0x00000000e5400000,0x00000000e5400000)
  from space 21504K, 87% used [0x00000000e6a80000,0x00000000e7cd8bb0,0x00000000e7f80000)
  to   space 23040K, 0% used [0x00000000e5400000,0x00000000e5400000,0x00000000e6a80000)
 ParOldGen       total 116224K, used 45529K [0x00000000a0000000, 0x00000000a7180000, 0x00000000e0000000)
  object space 116224K, 39% used [0x00000000a0000000,0x00000000a2c764b8,0x00000000a7180000)
 Metaspace       used 78767K, capacity 87712K, committed 88064K, reserved 1126400K
  class space    used 10319K, capacity 10909K, committed 11008K, reserved 1048576K
Event: 130.259 GC heap after
Heap after GC invocations=18 (full 3):
 PSYoungGen      total 109056K, used 23016K [0x00000000e0000000, 0x00000000e9b00000, 0x0000000100000000)
  eden space 86016K, 0% used [0x00000000e0000000,0x00000000e0000000,0x00000000e5400000)
  from space 23040K, 99% used [0x00000000e5400000,0x00000000e6a7a308,0x00000000e6a80000)
  to   space 27136K, 0% used [0x00000000e8080000,0x00000000e8080000,0x00000000e9b00000)
 ParOldGen       total 116224K, used 48941K [0x00000000a0000000, 0x00000000a7180000, 0x00000000e0000000)
  object space 116224K, 42% used [0x00000000a0000000,0x00000000a2fcb708,0x00000000a7180000)
 Metaspace       used 78767K, capacity 87712K, committed 88064K, reserved 1126400K
  class space    used 10319K, capacity 10909K, committed 11008K, reserved 1048576K
}
Event: 137.193 GC heap before
{Heap before GC invocations=19 (full 3):
 PSYoungGen      total 109056K, used 109032K [0x00000000e0000000, 0x00000000e9b00000, 0x0000000100000000)
  eden space 86016K, 100% used [0x00000000e0000000,0x00000000e5400000,0x00000000e5400000)
  from space 23040K, 99% used [0x00000000e5400000,0x00000000e6a7a308,0x00000000e6a80000)
  to   space 27136K, 0% used [0x00000000e8080000,0x00000000e8080000,0x00000000e9b00000)
 ParOldGen       total 116224K, used 48941K [0x00000000a0000000, 0x00000000a7180000, 0x00000000e0000000)
  object space 116224K, 42% used [0x00000000a0000000,0x00000000a2fcb708,0x00000000a7180000)
 Metaspace       used 84297K, capacity 93692K, committed 93824K, reserved 1132544K
  class space    used 10977K, capacity 11598K, committed 11648K, reserved 1048576K
Event: 137.247 GC heap after
Heap after GC invocations=19 (full 3):
 PSYoungGen      total 127488K, used 9116K [0x00000000e0000000, 0x00000000e9880000, 0x0000000100000000)
  eden space 102912K, 0% used [0x00000000e0000000,0x00000000e0000000,0x00000000e6480000)
  from space 24576K, 37% used [0x00000000e8080000,0x00000000e8967330,0x00000000e9880000)
  to   space 26624K, 0% used [0x00000000e6480000,0x00000000e6480000,0x00000000e7e80000)
 ParOldGen       total 116224K, used 64147K [0x00000000a0000000, 0x00000000a7180000, 0x00000000e0000000)
  object space 116224K, 55% used [0x00000000a0000000,0x00000000a3ea4da0,0x00000000a7180000)
 Metaspace       used 84297K, capacity 93692K, committed 93824K, reserved 1132544K
  class space    used 10977K, capacity 11598K, committed 11648K, reserved 1048576K
}

